<?xml version="1.0" encoding="UTF-8"?>
<testsuite xmlns:xsi="http://www.w3.org/2001/XMLSchema-instance" xsi:noNamespaceSchemaLocation="https://maven.apache.org/surefire/maven-surefire-plugin/xsd/surefire-test-report-3.0.xsd" version="3.0" name="EdgeCaseTest" time="0.008" tests="14" errors="0" skipped="0" failures="0">
  <properties>
[...]
</properties>
  <testcase name="testPlayerAtPosition0" classname="EdgeCaseTest" time="0.001">
    <system-out><![CDATA[EdgeCasePlayer rolled a 5 and moved from 0 to 5
]]></system-out>
  </testcase>
  <testcase name="testSnakeAndLadderAtSamePosition" classname="EdgeCaseTest" time="0.001">
    <system-out><![CDATA[EdgeCasePlayer rolled a 6 and moved from 19 to 25
]]></system-out>
  </testcase>
  <testcase name="testExtremeSnakePositions" classname="EdgeCaseTest" time="0.0">
    <system-out><![CDATA[ExtremePlayer rolled a 6 but cannot move
]]></system-out>
  </testcase>
  <testcase name="testLadderAtPosition99" classname="EdgeCaseTest" time="0.0">
    <system-out><![CDATA[EdgeCasePlayer rolled a 2 and won!
]]></system-out>
  </testcase>
  <testcase name="testMultipleSnakesAtSamePosition" classname="EdgeCaseTest" time="0.001">
    <system-out><![CDATA[EdgeCasePlayer rolled a 5 and moved from 49 to 54
]]></system-out>
  </testcase>
  <testcase name="testPlayerAtPosition97" classname="EdgeCaseTest" time="0.0">
    <system-out><![CDATA[EdgeCasePlayer rolled a 4 but cannot move
]]></system-out>
  </testcase>
  <testcase name="testPlayerAtPosition98" classname="EdgeCaseTest" time="0.001">
    <system-out><![CDATA[EdgeCasePlayer rolled a 2 and won!
]]></system-out>
  </testcase>
  <testcase name="testPlayerAtPosition99" classname="EdgeCaseTest" time="0.0">
    <system-out><![CDATA[EdgeCasePlayer rolled a 4 but cannot move
]]></system-out>
  </testcase>
  <testcase name="testMultipleLaddersAtSamePosition" classname="EdgeCaseTest" time="0.0">
    <system-out><![CDATA[EdgeCasePlayer rolled a 6 and moved from 9 to 15
]]></system-out>
  </testcase>
  <testcase name="testExtremeLadderPositions" classname="EdgeCaseTest" time="0.0">
    <system-out><![CDATA[ExtremePlayer rolled a 1 and moved from 0 to 99
]]></system-out>
  </testcase>
  <testcase name="testEmptyGameBoard" classname="EdgeCaseTest" time="0.001">
    <system-out><![CDATA[EmptyPlayer rolled a 5 and moved from 0 to 5
EmptyPlayer rolled a 3 and moved from 5 to 8
EmptyPlayer rolled a 5 and moved from 8 to 13
EmptyPlayer rolled a 6 and moved from 13 to 19
EmptyPlayer rolled a 5 and moved from 19 to 24
EmptyPlayer rolled a 4 and moved from 24 to 28
EmptyPlayer rolled a 3 and moved from 28 to 31
EmptyPlayer rolled a 5 and moved from 31 to 36
EmptyPlayer rolled a 6 and moved from 36 to 42
EmptyPlayer rolled a 5 and moved from 42 to 47
EmptyPlayer rolled a 6 and moved from 47 to 53
EmptyPlayer rolled a 4 and moved from 53 to 57
EmptyPlayer rolled a 6 and moved from 57 to 63
EmptyPlayer rolled a 2 and moved from 63 to 65
EmptyPlayer rolled a 4 and moved from 65 to 69
EmptyPlayer rolled a 4 and moved from 69 to 73
EmptyPlayer rolled a 3 and moved from 73 to 76
EmptyPlayer rolled a 3 and moved from 76 to 79
EmptyPlayer rolled a 6 and moved from 79 to 85
EmptyPlayer rolled a 4 and moved from 85 to 89
EmptyPlayer rolled a 3 and moved from 89 to 92
EmptyPlayer rolled a 3 and moved from 92 to 95
EmptyPlayer rolled a 1 and moved from 95 to 96
EmptyPlayer rolled a 5 but cannot move
EmptyPlayer rolled a 1 and moved from 96 to 97
EmptyPlayer rolled a 2 and moved from 97 to 99
EmptyPlayer rolled a 5 but cannot move
EmptyPlayer rolled a 3 but cannot move
EmptyPlayer rolled a 2 but cannot move
EmptyPlayer rolled a 3 but cannot move
EmptyPlayer rolled a 4 but cannot move
EmptyPlayer rolled a 3 but cannot move
EmptyPlayer rolled a 6 but cannot move
EmptyPlayer rolled a 6 but cannot move
EmptyPlayer rolled a 1 and won!
]]></system-out>
  </testcase>
  <testcase name="testLadderTo100" classname="EdgeCaseTest" time="0.001">
    <system-out><![CDATA[EdgeCasePlayer rolled a 4 and moved from 94 to 98
]]></system-out>
  </testcase>
  <testcase name="testSnakeAtPosition1" classname="EdgeCaseTest" time="0.001">
    <system-out><![CDATA[EdgeCasePlayer rolled a 5 and moved from 0 to 5
]]></system-out>
  </testcase>
  <testcase name="testSnakeFrom100" classname="EdgeCaseTest" time="0.0">
    <system-out><![CDATA[EdgeCasePlayer rolled a 3 but cannot move
]]></system-out>
  </testcase>
</testsuite>