<?xml version="1.0" encoding="UTF-8"?>
<testsuite xmlns:xsi="http://www.w3.org/2001/XMLSchema-instance" xsi:noNamespaceSchemaLocation="https://maven.apache.org/surefire/maven-surefire-plugin/xsd/surefire-test-report-3.0.xsd" version="3.0" name="GameTest" time="0.019" tests="8" errors="0" skipped="0" failures="0">
  <properties>
[...]
</properties>
  <testcase name="testNormalMove" classname="GameTest" time="0.007">
    <system-out><![CDATA[TestPlayer rolled a 3 and moved from 10 to 13
]]></system-out>
  </testcase>
  <testcase name="testGameWithEmptySnakesAndLadders" classname="GameTest" time="0.0">
    <system-out><![CDATA[EmptyGamePlayer rolled a 3 and moved from 50 to 53
]]></system-out>
  </testcase>
  <testcase name="testGameCreation" classname="GameTest" time="0.001"/>
  <testcase name="testMultipleSnakeAndLadderInteractions" classname="GameTest" time="0.0">
    <system-out><![CDATA[ComplexPlayer rolled a 4 and moved from 15 to 19
]]></system-out>
  </testcase>
  <testcase name="testPlayerCannotMoveBeyond100" classname="GameTest" time="0.001">
    <system-out><![CDATA[TestPlayer rolled a 4 but cannot move
]]></system-out>
  </testcase>
  <testcase name="testSnakeBite" classname="GameTest" time="0.0">
    <system-out><![CDATA[TestPlayer rolled a 3 but cannot move
]]></system-out>
  </testcase>
  <testcase name="testPlayerWinsWhenReachingExactly100" classname="GameTest" time="0.0">
    <system-out><![CDATA[TestPlayer rolled a 6 but cannot move
]]></system-out>
  </testcase>
  <testcase name="testLadderClimb" classname="GameTest" time="0.001">
    <system-out><![CDATA[TestPlayer rolled a 4 and moved from 2 to 6
]]></system-out>
  </testcase>
</testsuite>