<?xml version="1.0" encoding="UTF-8"?>
<testsuite xmlns:xsi="http://www.w3.org/2001/XMLSchema-instance" xsi:noNamespaceSchemaLocation="https://maven.apache.org/surefire/maven-surefire-plugin/xsd/surefire-test-report-3.0.xsd" version="3.0" name="com.ecommerce.EcommercePlatformTest" time="0.024" tests="7" errors="0" skipped="0" failures="0">
  <properties>
[...]
</properties>
  <testcase name="testPlaceOrderCartEmpty" classname="com.ecommerce.EcommercePlatformTest" time="0.01">
    <system-out><![CDATA[Platform initialized with 5 products
Product added: Laptop (ID: 0)
Product added: Phone (ID: 1)
Inventory added: 10 units for product ID: 0
Inventory added: 5 units for product ID: 1
User created: user1
User created: user2
]]></system-out>
  </testcase>
  <testcase name="testAddToCartSuccess" classname="com.ecommerce.EcommercePlatformTest" time="0.002">
    <system-out><![CDATA[Platform initialized with 5 products
Product added: Laptop (ID: 0)
Product added: Phone (ID: 1)
Inventory added: 10 units for product ID: 0
Inventory added: 5 units for product ID: 1
User created: user1
User created: user2
Added to cart: 2 units of product ID: 0 for user: user1
]]></system-out>
  </testcase>
  <testcase name="testPlaceOrderInvalidPayment" classname="com.ecommerce.EcommercePlatformTest" time="0">
    <system-out><![CDATA[Platform initialized with 5 products
Product added: Laptop (ID: 0)
Product added: Phone (ID: 1)
Inventory added: 10 units for product ID: 0
Inventory added: 5 units for product ID: 1
User created: user1
User created: user2
Added to cart: 1 units of product ID: 0 for user: user1
]]></system-out>
  </testcase>
  <testcase name="testRemoveFromCart" classname="com.ecommerce.EcommercePlatformTest" time="0.001">
    <system-out><![CDATA[Platform initialized with 5 products
Product added: Laptop (ID: 0)
Product added: Phone (ID: 1)
Inventory added: 10 units for product ID: 0
Inventory added: 5 units for product ID: 1
User created: user1
User created: user2
Added to cart: 1 units of product ID: 0 for user: user1
Removed from cart: product ID: 0 for user: user1
]]></system-out>
  </testcase>
  <testcase name="testAddToCartInsufficientInventory" classname="com.ecommerce.EcommercePlatformTest" time="0.001">
    <system-out><![CDATA[Platform initialized with 5 products
Product added: Laptop (ID: 0)
Product added: Phone (ID: 1)
Inventory added: 10 units for product ID: 0
Inventory added: 5 units for product ID: 1
User created: user1
User created: user2
]]></system-out>
  </testcase>
  <testcase name="testPlaceOrderSuccess" classname="com.ecommerce.EcommercePlatformTest" time="0.001">
    <system-out><![CDATA[Platform initialized with 5 products
Product added: Laptop (ID: 0)
Product added: Phone (ID: 1)
Inventory added: 10 units for product ID: 0
Inventory added: 5 units for product ID: 1
User created: user1
User created: user2
Added to cart: 3 units of product ID: 0 for user: user1
Order placed: order1 for user: user1 with payment: upi
]]></system-out>
  </testcase>
  <testcase name="testConcurrentOrders" classname="com.ecommerce.EcommercePlatformTest" time="0.001">
    <system-out><![CDATA[Platform initialized with 5 products
Product added: Laptop (ID: 0)
Product added: Phone (ID: 1)
Inventory added: 10 units for product ID: 0
Inventory added: 5 units for product ID: 1
User created: user1
User created: user2
Added to cart: 5 units of product ID: 0 for user: user1
Added to cart: 5 units of product ID: 0 for user: user2
Order placed: order4 for user: user1 with payment: upi
Order placed: order5 for user: user2 with payment: upi
]]></system-out>
  </testcase>
</testsuite>